<?xml version="1.0" encoding="UTF-8"?>
<!-- Generated by org.testng.reporters.JUnitReportReporter -->
<testsuite hostname="GERLSNARA2" failures="0" tests="2" name="test.RegisterTest" time="5.674" errors="0" timestamp="2021-03-04T18:48:12 EST" skipped="0">
  <testcase classname="test.RegisterTest" name="register" time="2.406"/>
  <system-out/>
  <testcase classname="test.RegisterTest" name="register" time="3.268"/>
  <system-out/>
</testsuite> <!-- test.RegisterTest -->
