<?xml version="1.0" encoding="UTF-8"?>
<!-- Generated by org.testng.reporters.JUnitReportReporter -->
<testsuite hostname="GERLSNARA2" failures="0" tests="1" name="test.FramesTest" time="2.793" errors="0" timestamp="2021-03-04T18:48:12 EST" skipped="0">
  <testcase classname="test.FramesTest" name="framesTest" time="2.793"/>
  <system-out/>
</testsuite> <!-- test.FramesTest -->
