<?xml version="1.0" encoding="UTF-8"?>
<!-- Generated by org.testng.reporters.JUnitReportReporter -->
<testsuite hostname="GERLSNARA2" failures="0" tests="10" name="test.AlertsTest" time="22.579" errors="0" timestamp="2021-03-04T18:48:12 EST" skipped="0">
  <testcase classname="test.AlertsTest" name="alertsTest" time="1.913"/>
  <system-out/>
  <testcase classname="test.AlertsTest" name="alertsTest" time="1.906"/>
  <system-out/>
  <testcase classname="test.AlertsTest" name="alertsTest" time="2.048"/>
  <system-out/>
  <testcase classname="test.AlertsTest" name="alertsTest" time="1.755"/>
  <system-out/>
  <testcase classname="test.AlertsTest" name="alertsTest" time="2.028"/>
  <system-out/>
  <testcase classname="test.AlertsTest" name="alertsTest" time="1.829"/>
  <system-out/>
  <testcase classname="test.AlertsTest" name="alertsTest" time="2.117"/>
  <system-out/>
  <testcase classname="test.AlertsTest" name="alertsTest" time="3.297"/>
  <system-out/>
  <testcase classname="test.AlertsTest" name="alertsTest" time="3.527"/>
  <system-out/>
  <testcase classname="test.AlertsTest" name="alertsTest" time="2.159"/>
  <system-out/>
</testsuite> <!-- test.AlertsTest -->
